<?xml version="1.0" encoding="UTF-8"?>
<testng-results ignored="0" total="9" passed="8" failed="1" skipped="0">
  <reporter-output>
  </reporter-output>
  <suite started-at="2023-07-25T19:41:36 IST" name="Default suite" finished-at="2023-07-25T19:42:17 IST" duration-ms="40525">
    <groups>
      <group name="cucumber">
        <method signature="AbstractTestNGCucumberTests.runScenario(io.cucumber.testng.PickleWrapper,io.cucumber.testng.FeatureWrapper)[pri:0, instance:org.runnerClass.RunnerFile@f0c8a99]" name="runScenario" class="io.cucumber.testng.AbstractTestNGCucumberTests"/>
      </group> <!-- cucumber -->
    </groups>
    <test started-at="2023-07-25T19:41:36 IST" name="Default test" finished-at="2023-07-25T19:42:17 IST" duration-ms="40525">
      <class name="org.runnerClass.RunnerFile">
        <test-method is-config="true" signature="setUpClass(org.testng.ITestContext)[pri:0, instance:org.runnerClass.RunnerFile@f0c8a99]" started-at="2023-07-25T19:41:36 IST" name="setUpClass" finished-at="2023-07-25T19:41:37 IST" duration-ms="947" status="PASS">
          <params>
            <param index="0">
              <value>
                <![CDATA[org.testng.TestRunner@40bf0e15]]>
              </value>
            </param>
          </params>
          <reporter-output>
          </reporter-output>
        </test-method> <!-- setUpClass -->
        <test-method signature="runScenario(io.cucumber.testng.PickleWrapper,io.cucumber.testng.FeatureWrapper)[pri:0, instance:org.runnerClass.RunnerFile@f0c8a99]" started-at="2023-07-25T19:41:37 IST" name="runScenario" description="Runs Cucumber Scenarios" data-provider="scenarios" finished-at="2023-07-25T19:41:51 IST" duration-ms="14191" status="PASS">
          <params>
            <param index="0">
              <value>
                <![CDATA["Update your Profile"]]>
              </value>
            </param>
            <param index="1">
              <value>
                <![CDATA["Optional[UserFunction]"]]>
              </value>
            </param>
          </params>
          <reporter-output>
          </reporter-output>
        </test-method> <!-- runScenario -->
        <test-method signature="runScenario(io.cucumber.testng.PickleWrapper,io.cucumber.testng.FeatureWrapper)[pri:0, instance:org.runnerClass.RunnerFile@f0c8a99]" started-at="2023-07-25T19:41:51 IST" name="runScenario" description="Runs Cucumber Scenarios" data-provider="scenarios" finished-at="2023-07-25T19:41:52 IST" duration-ms="1032" status="PASS">
          <params>
            <param index="0">
              <value>
                <![CDATA["Add Multiple Address"]]>
              </value>
            </param>
            <param index="1">
              <value>
                <![CDATA["Optional[UserFunction]"]]>
              </value>
            </param>
          </params>
          <reporter-output>
          </reporter-output>
        </test-method> <!-- runScenario -->
        <test-method signature="runScenario(io.cucumber.testng.PickleWrapper,io.cucumber.testng.FeatureWrapper)[pri:0, instance:org.runnerClass.RunnerFile@f0c8a99]" started-at="2023-07-25T19:41:52 IST" name="runScenario" description="Runs Cucumber Scenarios" data-provider="scenarios" finished-at="2023-07-25T19:41:52 IST" duration-ms="95" status="FAIL">
          <params>
            <param index="0">
              <value>
                <![CDATA["Add Multiple Phone"]]>
              </value>
            </param>
            <param index="1">
              <value>
                <![CDATA["Optional[UserFunction]"]]>
              </value>
            </param>
          </params>
          <exception class="java.lang.ClassCastException">
            <message>
              <![CDATA[class jdk.proxy2.$Proxy23 cannot be cast to class org.openqa.selenium.interactions.internal.Locatable (jdk.proxy2.$Proxy23 is in module jdk.proxy2 of loader 'app'; org.openqa.selenium.interactions.internal.Locatable is in unnamed module of loader 'app')]]>
            </message>
            <full-stacktrace>
              <![CDATA[java.lang.ClassCastException: class jdk.proxy2.$Proxy23 cannot be cast to class org.openqa.selenium.interactions.internal.Locatable (jdk.proxy2.$Proxy23 is in module jdk.proxy2 of loader 'app'; org.openqa.selenium.interactions.internal.Locatable is in unnamed module of loader 'app')
at org.openqa.selenium.interactions.Actions.moveToElement(Actions.java:388)
at org.stepDefinitionFirstModule.UserFunctionSteps.user_should_click_add_mobile_button(UserFunctionSteps.java:181)
at ✽.User Should click Add mobile button(file:///C:/Users/pmurugesan/Downloads/Expleons_Proj/Expleons_Proj/src/test/resources/FeatureFiles/1_User_Functions/UserFunction1.feature:29)
]]>
            </full-stacktrace>
          </exception> <!-- java.lang.ClassCastException -->
          <reporter-output>
          </reporter-output>
        </test-method> <!-- runScenario -->
        <test-method signature="runScenario(io.cucumber.testng.PickleWrapper,io.cucumber.testng.FeatureWrapper)[pri:0, instance:org.runnerClass.RunnerFile@f0c8a99]" started-at="2023-07-25T19:41:52 IST" name="runScenario" description="Runs Cucumber Scenarios" data-provider="scenarios" finished-at="2023-07-25T19:41:53 IST" duration-ms="947" status="PASS">
          <params>
            <param index="0">
              <value>
                <![CDATA["Manage setting"]]>
              </value>
            </param>
            <param index="1">
              <value>
                <![CDATA["Optional[UserFunction]"]]>
              </value>
            </param>
          </params>
          <reporter-output>
          </reporter-output>
        </test-method> <!-- runScenario -->
        <test-method signature="runScenario(io.cucumber.testng.PickleWrapper,io.cucumber.testng.FeatureWrapper)[pri:0, instance:org.runnerClass.RunnerFile@f0c8a99]" started-at="2023-07-25T19:41:53 IST" name="runScenario" description="Runs Cucumber Scenarios" data-provider="scenarios" finished-at="2023-07-25T19:41:57 IST" duration-ms="3558" status="PASS">
          <params>
            <param index="0">
              <value>
                <![CDATA["Manage contacts"]]>
              </value>
            </param>
            <param index="1">
              <value>
                <![CDATA["Optional[UserFunction]"]]>
              </value>
            </param>
          </params>
          <reporter-output>
          </reporter-output>
        </test-method> <!-- runScenario -->
        <test-method signature="runScenario(io.cucumber.testng.PickleWrapper,io.cucumber.testng.FeatureWrapper)[pri:0, instance:org.runnerClass.RunnerFile@f0c8a99]" started-at="2023-07-25T19:41:57 IST" name="runScenario" description="Runs Cucumber Scenarios" data-provider="scenarios" finished-at="2023-07-25T19:41:58 IST" duration-ms="1439" status="PASS">
          <params>
            <param index="0">
              <value>
                <![CDATA["Manage passwords"]]>
              </value>
            </param>
            <param index="1">
              <value>
                <![CDATA["Optional[UserFunction]"]]>
              </value>
            </param>
          </params>
          <reporter-output>
          </reporter-output>
        </test-method> <!-- runScenario -->
        <test-method signature="runScenario(io.cucumber.testng.PickleWrapper,io.cucumber.testng.FeatureWrapper)[pri:0, instance:org.runnerClass.RunnerFile@f0c8a99]" started-at="2023-07-25T19:41:58 IST" name="runScenario" description="Runs Cucumber Scenarios" data-provider="scenarios" finished-at="2023-07-25T19:42:08 IST" duration-ms="9242" status="PASS">
          <params>
            <param index="0">
              <value>
                <![CDATA["Manage Documents"]]>
              </value>
            </param>
            <param index="1">
              <value>
                <![CDATA["Optional[UserFunction]"]]>
              </value>
            </param>
          </params>
          <reporter-output>
          </reporter-output>
        </test-method> <!-- runScenario -->
        <test-method signature="runScenario(io.cucumber.testng.PickleWrapper,io.cucumber.testng.FeatureWrapper)[pri:0, instance:org.runnerClass.RunnerFile@f0c8a99]" started-at="2023-07-25T19:42:08 IST" name="runScenario" description="Runs Cucumber Scenarios" data-provider="scenarios" finished-at="2023-07-25T19:42:10 IST" duration-ms="2373" status="PASS">
          <params>
            <param index="0">
              <value>
                <![CDATA["Notification preferences"]]>
              </value>
            </param>
            <param index="1">
              <value>
                <![CDATA["Optional[UserFunction]"]]>
              </value>
            </param>
          </params>
          <reporter-output>
          </reporter-output>
        </test-method> <!-- runScenario -->
        <test-method signature="runScenario(io.cucumber.testng.PickleWrapper,io.cucumber.testng.FeatureWrapper)[pri:0, instance:org.runnerClass.RunnerFile@f0c8a99]" started-at="2023-07-25T19:42:10 IST" name="runScenario" description="Runs Cucumber Scenarios" data-provider="scenarios" finished-at="2023-07-25T19:42:13 IST" duration-ms="2637" status="PASS">
          <params>
            <param index="0">
              <value>
                <![CDATA["Manage References"]]>
              </value>
            </param>
            <param index="1">
              <value>
                <![CDATA["Optional[UserFunction]"]]>
              </value>
            </param>
          </params>
          <reporter-output>
          </reporter-output>
        </test-method> <!-- runScenario -->
        <test-method is-config="true" signature="tearDownClass()[pri:0, instance:org.runnerClass.RunnerFile@f0c8a99]" started-at="2023-07-25T19:42:13 IST" name="tearDownClass" finished-at="2023-07-25T19:42:17 IST" duration-ms="4010" status="PASS">
          <reporter-output>
          </reporter-output>
        </test-method> <!-- tearDownClass -->
      </class> <!-- org.runnerClass.RunnerFile -->
    </test> <!-- Default test -->
  </suite> <!-- Default suite -->
</testng-results>
